2023-03-29T13:55:52.001+0900 [DEBUG] [org.gradle.launcher.daemon.bootstrap.DaemonMain] Assuming the daemon was started with following jvm opts: [--add-opens, java.base/java.util=ALL-UNNAMED, --add-opens, java.base/java.lang=ALL-UNNAMED, --add-opens, java.base/java.lang.invoke=ALL-UNNAMED, --add-opens, java.base/java.util=ALL-UNNAMED, --add-opens, java.prefs/java.util.prefs=ALL-UNNAMED, --add-opens, java.prefs/java.util.prefs=ALL-UNNAMED, --add-opens, java.base/java.nio.charset=ALL-UNNAMED, --add-opens, java.base/java.net=ALL-UNNAMED, --add-opens, java.base/java.util.concurrent.atomic=ALL-UNNAMED, -Xmx2048m, -Dfile.encoding=UTF-8, -Duser.country=KR, -Duser.language=ko, -Duser.variant]
2023-03-29T13:55:52.093+0900 [DEBUG] [org.gradle.internal.nativeintegration.services.NativeServices] Native-platform posix files integration is not available. Continuing with fallback.
2023-03-29T13:55:52.101+0900 [INFO] [org.gradle.launcher.daemon.server.Daemon] start() called on daemon - DefaultDaemonContext[uid=955623dd-bdd9-4a4d-be39-8d98e7f97e2a,javaHome=C:\Program Files\Android\Android Studio\jbr,daemonRegistryDir=C:\Users\mo700\AndroidStudioProjects\MoneyCycle\daemon,pid=40068,idleTimeout=10800000,priority=NORMAL,daemonOpts=--add-opens,java.base/java.util=ALL-UNNAMED,--add-opens,java.base/java.lang=ALL-UNNAMED,--add-opens,java.base/java.lang.invoke=ALL-UNNAMED,--add-opens,java.base/java.util=ALL-UNNAMED,--add-opens,java.prefs/java.util.prefs=ALL-UNNAMED,--add-opens,java.prefs/java.util.prefs=ALL-UNNAMED,--add-opens,java.base/java.nio.charset=ALL-UNNAMED,--add-opens,java.base/java.net=ALL-UNNAMED,--add-opens,java.base/java.util.concurrent.atomic=ALL-UNNAMED,-Xmx2048m,-Dfile.encoding=UTF-8,-Duser.country=KR,-Duser.language=ko,-Duser.variant]
2023-03-29T13:55:52.574+0900 [DEBUG] [org.gradle.internal.remote.internal.inet.InetAddresses] Adding IP addresses for network interface Software Loopback Interface 1
2023-03-29T13:55:52.577+0900 [DEBUG] [org.gradle.internal.remote.internal.inet.InetAddresses] Is this a loopback interface? true
2023-03-29T13:55:52.577+0900 [DEBUG] [org.gradle.internal.remote.internal.inet.InetAddresses] Adding loopback address /127.0.0.1
2023-03-29T13:55:52.577+0900 [DEBUG] [org.gradle.internal.remote.internal.inet.InetAddresses] Adding loopback address /0:0:0:0:0:0:0:1
2023-03-29T13:55:52.578+0900 [DEBUG] [org.gradle.internal.remote.internal.inet.InetAddresses] Adding IP addresses for network interface WAN Miniport (PPPOE)
2023-03-29T13:55:52.580+0900 [DEBUG] [org.gradle.internal.remote.internal.inet.InetAddresses] Is this a loopback interface? false
2023-03-29T13:55:52.580+0900 [DEBUG] [org.gradle.internal.remote.internal.inet.InetAddresses] Adding IP addresses for network interface Microsoft 6to4 Adapter
2023-03-29T13:55:52.582+0900 [DEBUG] [org.gradle.internal.remote.internal.inet.InetAddresses] Is this a loopback interface? false
2023-03-29T13:55:52.583+0900 [DEBUG] [org.gradle.internal.remote.internal.inet.InetAddresses] Adding IP addresses for network interface Intel(R) Wi-Fi 6 AX200 160MHz
2023-03-29T13:55:52.585+0900 [DEBUG] [org.gradle.internal.remote.internal.inet.InetAddresses] Is this a loopback interface? false
2023-03-29T13:55:52.585+0900 [DEBUG] [org.gradle.internal.remote.internal.inet.InetAddresses] Adding remote address /fe80:0:0:0:32d5:43ea:a4d0:c217%wlan0
2023-03-29T13:55:52.585+0900 [DEBUG] [org.gradle.internal.remote.internal.inet.InetAddresses] Adding IP addresses for network interface Microsoft Wi-Fi Direct Virtual Adapter
2023-03-29T13:55:52.587+0900 [DEBUG] [org.gradle.internal.remote.internal.inet.InetAddresses] Is this a loopback interface? false
2023-03-29T13:55:52.587+0900 [DEBUG] [org.gradle.internal.remote.internal.inet.InetAddresses] Adding remote address /fe80:0:0:0:2b3e:d7c7:59d5:bf0e%wlan1
2023-03-29T13:55:52.588+0900 [DEBUG] [org.gradle.internal.remote.internal.inet.InetAddresses] Adding IP addresses for network interface Microsoft IP-HTTPS Platform Adapter
2023-03-29T13:55:52.590+0900 [DEBUG] [org.gradle.internal.remote.internal.inet.InetAddresses] Is this a loopback interface? false
2023-03-29T13:55:52.590+0900 [DEBUG] [org.gradle.internal.remote.internal.inet.InetAddresses] Adding IP addresses for network interface WAN Miniport (Network Monitor)
2023-03-29T13:55:52.592+0900 [DEBUG] [org.gradle.internal.remote.internal.inet.InetAddresses] Is this a loopback interface? false
2023-03-29T13:55:52.592+0900 [DEBUG] [org.gradle.internal.remote.internal.inet.InetAddresses] Adding IP addresses for network interface WAN Miniport (IPv6)
2023-03-29T13:55:52.595+0900 [DEBUG] [org.gradle.internal.remote.internal.inet.InetAddresses] Is this a loopback interface? false
2023-03-29T13:55:52.595+0900 [DEBUG] [org.gradle.internal.remote.internal.inet.InetAddresses] Adding IP addresses for network interface Microsoft Wi-Fi Direct Virtual Adapter #2
2023-03-29T13:55:52.597+0900 [DEBUG] [org.gradle.internal.remote.internal.inet.InetAddresses] Is this a loopback interface? false
2023-03-29T13:55:52.597+0900 [DEBUG] [org.gradle.internal.remote.internal.inet.InetAddresses] Adding remote address /fe80:0:0:0:31db:2a13:6ce7:10cc%wlan2
2023-03-29T13:55:52.597+0900 [DEBUG] [org.gradle.internal.remote.internal.inet.InetAddresses] Adding IP addresses for network interface Microsoft Kernel Debug Network Adapter
2023-03-29T13:55:52.600+0900 [DEBUG] [org.gradle.internal.remote.internal.inet.InetAddresses] Is this a loopback interface? false
2023-03-29T13:55:52.600+0900 [DEBUG] [org.gradle.internal.remote.internal.inet.InetAddresses] Adding IP addresses for network interface WAN Miniport (IKEv2)
2023-03-29T13:55:52.602+0900 [DEBUG] [org.gradle.internal.remote.internal.inet.InetAddresses] Is this a loopback interface? false
2023-03-29T13:55:52.602+0900 [DEBUG] [org.gradle.internal.remote.internal.inet.InetAddresses] Adding IP addresses for network interface WAN Miniport (IP)
2023-03-29T13:55:52.604+0900 [DEBUG] [org.gradle.internal.remote.internal.inet.InetAddresses] Is this a loopback interface? false
2023-03-29T13:55:52.604+0900 [DEBUG] [org.gradle.internal.remote.internal.inet.InetAddresses] Adding IP addresses for network interface WAN Miniport (SSTP)
2023-03-29T13:55:52.606+0900 [DEBUG] [org.gradle.internal.remote.internal.inet.InetAddresses] Is this a loopback interface? false
2023-03-29T13:55:52.606+0900 [DEBUG] [org.gradle.internal.remote.internal.inet.InetAddresses] Adding IP addresses for network interface Microsoft Teredo Tunneling Adapter
2023-03-29T13:55:52.609+0900 [DEBUG] [org.gradle.internal.remote.internal.inet.InetAddresses] Is this a loopback interface? false
2023-03-29T13:55:52.609+0900 [DEBUG] [org.gradle.internal.remote.internal.inet.InetAddresses] Adding IP addresses for network interface WAN Miniport (L2TP)
2023-03-29T13:55:52.611+0900 [DEBUG] [org.gradle.internal.remote.internal.inet.InetAddresses] Is this a loopback interface? false
2023-03-29T13:55:52.611+0900 [DEBUG] [org.gradle.internal.remote.internal.inet.InetAddresses] Adding IP addresses for network interface WAN Miniport (PPTP)
2023-03-29T13:55:52.613+0900 [DEBUG] [org.gradle.internal.remote.internal.inet.InetAddresses] Is this a loopback interface? false
2023-03-29T13:55:52.613+0900 [DEBUG] [org.gradle.internal.remote.internal.inet.InetAddresses] Adding IP addresses for network interface Realtek PCIe 2.5GbE Family Controller
2023-03-29T13:55:52.616+0900 [DEBUG] [org.gradle.internal.remote.internal.inet.InetAddresses] Is this a loopback interface? false
2023-03-29T13:55:52.616+0900 [DEBUG] [org.gradle.internal.remote.internal.inet.InetAddresses] Adding remote address /203.232.193.169
2023-03-29T13:55:52.616+0900 [DEBUG] [org.gradle.internal.remote.internal.inet.InetAddresses] Adding IP addresses for network interface RAS Async Adapter
2023-03-29T13:55:52.618+0900 [DEBUG] [org.gradle.internal.remote.internal.inet.InetAddresses] Is this a loopback interface? false
2023-03-29T13:55:52.618+0900 [DEBUG] [org.gradle.internal.remote.internal.inet.InetAddresses] Adding IP addresses for network interface Bluetooth Device (Personal Area Network)
2023-03-29T13:55:52.620+0900 [DEBUG] [org.gradle.internal.remote.internal.inet.InetAddresses] Is this a loopback interface? false
2023-03-29T13:55:52.620+0900 [DEBUG] [org.gradle.internal.remote.internal.inet.InetAddresses] Adding remote address /fe80:0:0:0:c833:6ba5:8446:e349%eth5
2023-03-29T13:55:52.621+0900 [DEBUG] [org.gradle.internal.remote.internal.inet.InetAddresses] Adding IP addresses for network interface Realtek PCIe 2.5GbE Family Controller-WFP Native MAC Layer LightWeight Filter-0000
2023-03-29T13:55:52.623+0900 [DEBUG] [org.gradle.internal.remote.internal.inet.InetAddresses] Is this a loopback interface? false
2023-03-29T13:55:52.623+0900 [DEBUG] [org.gradle.internal.remote.internal.inet.InetAddresses] Adding IP addresses for network interface Realtek PCIe 2.5GbE Family Controller-Nprotect Firewall Core Driver-0000
2023-03-29T13:55:52.625+0900 [DEBUG] [org.gradle.internal.remote.internal.inet.InetAddresses] Is this a loopback interface? false
2023-03-29T13:55:52.626+0900 [DEBUG] [org.gradle.internal.remote.internal.inet.InetAddresses] Adding IP addresses for network interface Realtek PCIe 2.5GbE Family Controller-QoS Packet Scheduler-0000
2023-03-29T13:55:52.628+0900 [DEBUG] [org.gradle.internal.remote.internal.inet.InetAddresses] Is this a loopback interface? false
2023-03-29T13:55:52.628+0900 [DEBUG] [org.gradle.internal.remote.internal.inet.InetAddresses] Adding IP addresses for network interface Realtek PCIe 2.5GbE Family Controller-WFP 802.3 MAC Layer LightWeight Filter-0000
2023-03-29T13:55:52.630+0900 [DEBUG] [org.gradle.internal.remote.internal.inet.InetAddresses] Is this a loopback interface? false
2023-03-29T13:55:52.630+0900 [DEBUG] [org.gradle.internal.remote.internal.inet.InetAddresses] Adding IP addresses for network interface Intel(R) Wi-Fi 6 AX200 160MHz-WFP Native MAC Layer LightWeight Filter-0000
2023-03-29T13:55:52.632+0900 [DEBUG] [org.gradle.internal.remote.internal.inet.InetAddresses] Is this a loopback interface? false
2023-03-29T13:55:52.632+0900 [DEBUG] [org.gradle.internal.remote.internal.inet.InetAddresses] Adding IP addresses for network interface Intel(R) Wi-Fi 6 AX200 160MHz-Virtual WiFi Filter Driver-0000
2023-03-29T13:55:52.634+0900 [DEBUG] [org.gradle.internal.remote.internal.inet.InetAddresses] Is this a loopback interface? false
2023-03-29T13:55:52.635+0900 [DEBUG] [org.gradle.internal.remote.internal.inet.InetAddresses] Adding IP addresses for network interface Intel(R) Wi-Fi 6 AX200 160MHz-Native WiFi Filter Driver-0000
2023-03-29T13:55:52.637+0900 [DEBUG] [org.gradle.internal.remote.internal.inet.InetAddresses] Is this a loopback interface? false
2023-03-29T13:55:52.637+0900 [DEBUG] [org.gradle.internal.remote.internal.inet.InetAddresses] Adding IP addresses for network interface Intel(R) Wi-Fi 6 AX200 160MHz-Nprotect Firewall Core Driver-0000
2023-03-29T13:55:52.639+0900 [DEBUG] [org.gradle.internal.remote.internal.inet.InetAddresses] Is this a loopback interface? false
2023-03-29T13:55:52.639+0900 [DEBUG] [org.gradle.internal.remote.internal.inet.InetAddresses] Adding IP addresses for network interface Intel(R) Wi-Fi 6 AX200 160MHz-QoS Packet Scheduler-0000
2023-03-29T13:55:52.641+0900 [DEBUG] [org.gradle.internal.remote.internal.inet.InetAddresses] Is this a loopback interface? false
2023-03-29T13:55:52.642+0900 [DEBUG] [org.gradle.internal.remote.internal.inet.InetAddresses] Adding IP addresses for network interface Intel(R) Wi-Fi 6 AX200 160MHz-WFP 802.3 MAC Layer LightWeight Filter-0000
2023-03-29T13:55:52.644+0900 [DEBUG] [org.gradle.internal.remote.internal.inet.InetAddresses] Is this a loopback interface? false
2023-03-29T13:55:52.644+0900 [DEBUG] [org.gradle.internal.remote.internal.inet.InetAddresses] Adding IP addresses for network interface Microsoft Wi-Fi Direct Virtual Adapter-WFP Native MAC Layer LightWeight Filter-0000
2023-03-29T13:55:52.647+0900 [DEBUG] [org.gradle.internal.remote.internal.inet.InetAddresses] Is this a loopback interface? false
2023-03-29T13:55:52.647+0900 [DEBUG] [org.gradle.internal.remote.internal.inet.InetAddresses] Adding IP addresses for network interface Microsoft Wi-Fi Direct Virtual Adapter-Native WiFi Filter Driver-0000
2023-03-29T13:55:52.649+0900 [DEBUG] [org.gradle.internal.remote.internal.inet.InetAddresses] Is this a loopback interface? false
2023-03-29T13:55:52.649+0900 [DEBUG] [org.gradle.internal.remote.internal.inet.InetAddresses] Adding IP addresses for network interface WAN Miniport (IP)-WFP Native MAC Layer LightWeight Filter-0000
2023-03-29T13:55:52.651+0900 [DEBUG] [org.gradle.internal.remote.internal.inet.InetAddresses] Is this a loopback interface? false
2023-03-29T13:55:52.651+0900 [DEBUG] [org.gradle.internal.remote.internal.inet.InetAddresses] Adding IP addresses for network interface WAN Miniport (IP)-Nprotect Firewall Core Driver-0000
2023-03-29T13:55:52.654+0900 [DEBUG] [org.gradle.internal.remote.internal.inet.InetAddresses] Is this a loopback interface? false
2023-03-29T13:55:52.654+0900 [DEBUG] [org.gradle.internal.remote.internal.inet.InetAddresses] Adding IP addresses for network interface WAN Miniport (IP)-QoS Packet Scheduler-0000
2023-03-29T13:55:52.656+0900 [DEBUG] [org.gradle.internal.remote.internal.inet.InetAddresses] Is this a loopback interface? false
2023-03-29T13:55:52.656+0900 [DEBUG] [org.gradle.internal.remote.internal.inet.InetAddresses] Adding IP addresses for network interface WAN Miniport (IPv6)-WFP Native MAC Layer LightWeight Filter-0000
2023-03-29T13:55:52.658+0900 [DEBUG] [org.gradle.internal.remote.internal.inet.InetAddresses] Is this a loopback interface? false
2023-03-29T13:55:52.658+0900 [DEBUG] [org.gradle.internal.remote.internal.inet.InetAddresses] Adding IP addresses for network interface WAN Miniport (IPv6)-Nprotect Firewall Core Driver-0000
2023-03-29T13:55:52.660+0900 [DEBUG] [org.gradle.internal.remote.internal.inet.InetAddresses] Is this a loopback interface? false
2023-03-29T13:55:52.660+0900 [DEBUG] [org.gradle.internal.remote.internal.inet.InetAddresses] Adding IP addresses for network interface WAN Miniport (IPv6)-QoS Packet Scheduler-0000
2023-03-29T13:55:52.662+0900 [DEBUG] [org.gradle.internal.remote.internal.inet.InetAddresses] Is this a loopback interface? false
2023-03-29T13:55:52.662+0900 [DEBUG] [org.gradle.internal.remote.internal.inet.InetAddresses] Adding IP addresses for network interface WAN Miniport (Network Monitor)-WFP Native MAC Layer LightWeight Filter-0000
2023-03-29T13:55:52.664+0900 [DEBUG] [org.gradle.internal.remote.internal.inet.InetAddresses] Is this a loopback interface? false
2023-03-29T13:55:52.665+0900 [DEBUG] [org.gradle.internal.remote.internal.inet.InetAddresses] Adding IP addresses for network interface WAN Miniport (Network Monitor)-Nprotect Firewall Core Driver-0000
2023-03-29T13:55:52.667+0900 [DEBUG] [org.gradle.internal.remote.internal.inet.InetAddresses] Is this a loopback interface? false
2023-03-29T13:55:52.667+0900 [DEBUG] [org.gradle.internal.remote.internal.inet.InetAddresses] Adding IP addresses for network interface WAN Miniport (Network Monitor)-QoS Packet Scheduler-0000
2023-03-29T13:55:52.669+0900 [DEBUG] [org.gradle.internal.remote.internal.inet.InetAddresses] Is this a loopback interface? false
2023-03-29T13:55:52.669+0900 [DEBUG] [org.gradle.internal.remote.internal.inet.InetAddresses] Adding IP addresses for network interface Microsoft Wi-Fi Direct Virtual Adapter-Nprotect Firewall Core Driver-0000
2023-03-29T13:55:52.672+0900 [DEBUG] [org.gradle.internal.remote.internal.inet.InetAddresses] Is this a loopback interface? false
2023-03-29T13:55:52.672+0900 [DEBUG] [org.gradle.internal.remote.internal.inet.InetAddresses] Adding IP addresses for network interface Microsoft Wi-Fi Direct Virtual Adapter-QoS Packet Scheduler-0000
2023-03-29T13:55:52.674+0900 [DEBUG] [org.gradle.internal.remote.internal.inet.InetAddresses] Is this a loopback interface? false
2023-03-29T13:55:52.674+0900 [DEBUG] [org.gradle.internal.remote.internal.inet.InetAddresses] Adding IP addresses for network interface Microsoft Wi-Fi Direct Virtual Adapter-WFP 802.3 MAC Layer LightWeight Filter-0000
2023-03-29T13:55:52.676+0900 [DEBUG] [org.gradle.internal.remote.internal.inet.InetAddresses] Is this a loopback interface? false
2023-03-29T13:55:52.676+0900 [DEBUG] [org.gradle.internal.remote.internal.inet.InetAddresses] Adding IP addresses for network interface Microsoft Wi-Fi Direct Virtual Adapter #2-WFP Native MAC Layer LightWeight Filter-0000
2023-03-29T13:55:52.679+0900 [DEBUG] [org.gradle.internal.remote.internal.inet.InetAddresses] Is this a loopback interface? false
2023-03-29T13:55:52.679+0900 [DEBUG] [org.gradle.internal.remote.internal.inet.InetAddresses] Adding IP addresses for network interface Microsoft Wi-Fi Direct Virtual Adapter #2-Native WiFi Filter Driver-0000
2023-03-29T13:55:52.681+0900 [DEBUG] [org.gradle.internal.remote.internal.inet.InetAddresses] Is this a loopback interface? false
2023-03-29T13:55:52.681+0900 [DEBUG] [org.gradle.internal.remote.internal.inet.InetAddresses] Adding IP addresses for network interface Microsoft Wi-Fi Direct Virtual Adapter #2-Nprotect Firewall Core Driver-0000
2023-03-29T13:55:52.683+0900 [DEBUG] [org.gradle.internal.remote.internal.inet.InetAddresses] Is this a loopback interface? false
2023-03-29T13:55:52.683+0900 [DEBUG] [org.gradle.internal.remote.internal.inet.InetAddresses] Adding IP addresses for network interface Microsoft Wi-Fi Direct Virtual Adapter #2-QoS Packet Scheduler-0000
2023-03-29T13:55:52.685+0900 [DEBUG] [org.gradle.internal.remote.internal.inet.InetAddresses] Is this a loopback interface? false
2023-03-29T13:55:52.685+0900 [DEBUG] [org.gradle.internal.remote.internal.inet.InetAddresses] Adding IP addresses for network interface Microsoft Wi-Fi Direct Virtual Adapter #2-WFP 802.3 MAC Layer LightWeight Filter-0000
2023-03-29T13:55:52.688+0900 [DEBUG] [org.gradle.internal.remote.internal.inet.InetAddresses] Is this a loopback interface? false
2023-03-29T13:55:52.689+0900 [DEBUG] [org.gradle.internal.remote.internal.inet.TcpIncomingConnector] Listening on [46140a20-a715-4e69-b65f-d96a00c51ac1 port:30159, addresses:[localhost/127.0.0.1]].
2023-03-29T13:55:52.695+0900 [DEBUG] [org.gradle.launcher.daemon.server.Daemon] Daemon starting at: Wed Mar 29 13:55:52 KST 2023, with address: [46140a20-a715-4e69-b65f-d96a00c51ac1 port:30159, addresses:[localhost/127.0.0.1]]
2023-03-29T13:55:52.695+0900 [INFO] [org.gradle.launcher.daemon.server.DaemonRegistryUpdater] Advertising the daemon address to the clients: [46140a20-a715-4e69-b65f-d96a00c51ac1 port:30159, addresses:[localhost/127.0.0.1]]
2023-03-29T13:55:52.695+0900 [DEBUG] [org.gradle.launcher.daemon.server.DaemonRegistryUpdater] Advertised daemon context: DefaultDaemonContext[uid=955623dd-bdd9-4a4d-be39-8d98e7f97e2a,javaHome=C:\Program Files\Android\Android Studio\jbr,daemonRegistryDir=C:\Users\mo700\AndroidStudioProjects\MoneyCycle\daemon,pid=40068,idleTimeout=10800000,priority=NORMAL,daemonOpts=--add-opens,java.base/java.util=ALL-UNNAMED,--add-opens,java.base/java.lang=ALL-UNNAMED,--add-opens,java.base/java.lang.invoke=ALL-UNNAMED,--add-opens,java.base/java.util=ALL-UNNAMED,--add-opens,java.prefs/java.util.prefs=ALL-UNNAMED,--add-opens,java.prefs/java.util.prefs=ALL-UNNAMED,--add-opens,java.base/java.nio.charset=ALL-UNNAMED,--add-opens,java.base/java.net=ALL-UNNAMED,--add-opens,java.base/java.util.concurrent.atomic=ALL-UNNAMED,-Xmx2048m,-Dfile.encoding=UTF-8,-Duser.country=KR,-Duser.language=ko,-Duser.variant]
2023-03-29T13:55:52.696+0900 [DEBUG] [org.gradle.launcher.daemon.registry.PersistentDaemonRegistry] Storing daemon address: [46140a20-a715-4e69-b65f-d96a00c51ac1 port:30159, addresses:[localhost/127.0.0.1]], context: DefaultDaemonContext[uid=955623dd-bdd9-4a4d-be39-8d98e7f97e2a,javaHome=C:\Program Files\Android\Android Studio\jbr,daemonRegistryDir=C:\Users\mo700\AndroidStudioProjects\MoneyCycle\daemon,pid=40068,idleTimeout=10800000,priority=NORMAL,daemonOpts=--add-opens,java.base/java.util=ALL-UNNAMED,--add-opens,java.base/java.lang=ALL-UNNAMED,--add-opens,java.base/java.lang.invoke=ALL-UNNAMED,--add-opens,java.base/java.util=ALL-UNNAMED,--add-opens,java.prefs/java.util.prefs=ALL-UNNAMED,--add-opens,java.prefs/java.util.prefs=ALL-UNNAMED,--add-opens,java.base/java.nio.charset=ALL-UNNAMED,--add-opens,java.base/java.net=ALL-UNNAMED,--add-opens,java.base/java.util.concurrent.atomic=ALL-UNNAMED,-Xmx2048m,-Dfile.encoding=UTF-8,-Duser.country=KR,-Duser.language=ko,-Duser.variant]
2023-03-29T13:55:52.701+0900 [DEBUG] [org.gradle.cache.internal.DefaultFileLockManager] Waiting to acquire exclusive lock on daemon addresses registry.
2023-03-29T13:55:52.703+0900 [DEBUG] [org.gradle.cache.internal.DefaultFileLockManager] Lock acquired on daemon addresses registry.
2023-03-29T13:55:52.706+0900 [DEBUG] [org.gradle.cache.internal.DefaultFileLockManager] Releasing lock on daemon addresses registry.
2023-03-29T13:55:52.707+0900 [LIFECYCLE] [org.gradle.launcher.daemon.server.Daemon] Daemon server started.
2023-03-29T13:55:52.707+0900 [DEBUG] [org.gradle.launcher.daemon.bootstrap.DaemonStartupCommunication] Completed writing the daemon greeting. Closing streams...
2023-03-29T13:55:52.710+0900 [DEBUG] [org.gradle.launcher.daemon.server.Daemon] stopOnExpiration() called on daemon
2023-03-29T13:55:52.711+0900 [DEBUG] [org.gradle.launcher.daemon.server.Daemon] awaitExpiration() called on daemon
2023-03-29T13:55:52.711+0900 [DEBUG] [org.gradle.launcher.daemon.server.DaemonStateCoordinator] daemon is running. Sleeping until state changes.
2023-03-29T13:55:52.716+0900 [DEBUG] [org.gradle.internal.remote.internal.inet.TcpIncomingConnector] Accepted connection from /127.0.0.1:30160 to /127.0.0.1:30159.
2023-03-29T13:55:52.743+0900 [DEBUG] [org.gradle.launcher.daemon.server.SynchronizedDispatchConnection] thread 20: received class org.gradle.launcher.daemon.protocol.Build
2023-03-29T13:55:52.743+0900 [DEBUG] [org.gradle.launcher.daemon.server.DefaultDaemonConnection] thread 20: Received non-IO message from client: Build{id=5607648c-3aab-4b2f-aceb-2e1dca19e311, currentDir=C:\Users\mo700\AndroidStudioProjects\Icarus_App}
2023-03-29T13:55:52.744+0900 [INFO] [org.gradle.launcher.daemon.server.DefaultIncomingConnectionHandler] Received command: Build{id=5607648c-3aab-4b2f-aceb-2e1dca19e311, currentDir=C:\Users\mo700\AndroidStudioProjects\Icarus_App}.
2023-03-29T13:55:52.744+0900 [DEBUG] [org.gradle.launcher.daemon.server.DefaultIncomingConnectionHandler] Starting executing command: Build{id=5607648c-3aab-4b2f-aceb-2e1dca19e311, currentDir=C:\Users\mo700\AndroidStudioProjects\Icarus_App} with connection: socket connection from /127.0.0.1:30159 to /127.0.0.1:30160.
2023-03-29T13:55:52.745+0900 [DEBUG] [org.gradle.launcher.daemon.server.DaemonStateCoordinator] Command execution: started DaemonCommandExecution[command = Build{id=5607648c-3aab-4b2f-aceb-2e1dca19e311, currentDir=C:\Users\mo700\AndroidStudioProjects\Icarus_App}, connection = DefaultDaemonConnection: socket connection from /127.0.0.1:30159 to /127.0.0.1:30160] after 0.0 minutes of idle
2023-03-29T13:55:52.745+0900 [INFO] [org.gradle.launcher.daemon.server.DaemonRegistryUpdater] Marking the daemon as busy, address: [46140a20-a715-4e69-b65f-d96a00c51ac1 port:30159, addresses:[localhost/127.0.0.1]]
2023-03-29T13:55:52.746+0900 [DEBUG] [org.gradle.launcher.daemon.registry.PersistentDaemonRegistry] Marking busy by address: [46140a20-a715-4e69-b65f-d96a00c51ac1 port:30159, addresses:[localhost/127.0.0.1]]
2023-03-29T13:55:52.746+0900 [DEBUG] [org.gradle.cache.internal.DefaultFileLockManager] Waiting to acquire exclusive lock on daemon addresses registry.
2023-03-29T13:55:52.747+0900 [DEBUG] [org.gradle.cache.internal.DefaultFileLockManager] Lock acquired on daemon addresses registry.
2023-03-29T13:55:52.748+0900 [DEBUG] [org.gradle.cache.internal.DefaultFileLockManager] Releasing lock on daemon addresses registry.
2023-03-29T13:55:52.748+0900 [DEBUG] [org.gradle.launcher.daemon.server.DaemonStateCoordinator] resetting idle timer
2023-03-29T13:55:52.748+0900 [DEBUG] [org.gradle.launcher.daemon.server.DaemonStateCoordinator] daemon is running. Sleeping until state changes.
2023-03-29T13:55:52.749+0900 [INFO] [org.gradle.launcher.daemon.server.exec.StartBuildOrRespondWithBusy] Daemon is about to start building Build{id=5607648c-3aab-4b2f-aceb-2e1dca19e311, currentDir=C:\Users\mo700\AndroidStudioProjects\Icarus_App}. Dispatching build started information...
2023-03-29T13:55:52.749+0900 [DEBUG] [org.gradle.launcher.daemon.server.SynchronizedDispatchConnection] thread 22: dispatching org.gradle.launcher.daemon.protocol.BuildStarted@49c66c07
2023-03-29T13:55:52.750+0900 [DEBUG] [org.gradle.launcher.daemon.server.exec.EstablishBuildEnvironment] Configuring env variables: [USERDOMAIN_ROAMINGPROFILE, PROCESSOR_LEVEL, SESSIONNAME, ALLUSERSPROFILE, PROCESSOR_ARCHITECTURE, PSModulePath, SystemDrive, USERNAME, OculusBase, ProgramFiles(x86), GPU_USE_SYNC_OBJECTS, GPU_MAX_ALLOC_PERCENT, FPS_BROWSER_USER_PROFILE_STRING, PATHEXT, DriverData, IntelliJ IDEA Community Edition, PyCharm Community Edition, ProgramData, GIT_LFS_PATH, ProgramW6432, HOMEPATH, PROCESSOR_IDENTIFIER, ProgramFiles, PUBLIC, OPENSSL_ia32cap, windir, VS160COMCOMNTOOLS, =::, GPU_MAX_HEAP_SIZE, LOCALAPPDATA, IntelliJ IDEA, GPU_SINGLE_ALLOC_PERCENT, USERDOMAIN, GPU_FORCE_64BIT_PTR, LOGONSERVER, FPS_BROWSER_APP_PROFILE_STRING, JAVA_HOME, OneDrive, APPDATA, VBOX_HWVIRTEX_IGNORE_SVM_IN_USE, CommonProgramFiles, Path, OS, COMPUTERNAME, PROCESSOR_REVISION, CLASSPATH, CommonProgramW6432, ComSpec, TEMP, SystemRoot, HOMEDRIVE, USERPROFILE, TMP, CommonProgramFiles(x86), NUMBER_OF_PROCESSORS, IDEA_INITIAL_DIRECTORY, ANDROID_AVD_HOME]
2023-03-29T13:55:52.754+0900 [DEBUG] [org.gradle.launcher.daemon.server.SynchronizedDispatchConnection] thread 20: received class org.gradle.launcher.daemon.protocol.CloseInput
2023-03-29T13:55:52.754+0900 [DEBUG] [org.gradle.launcher.daemon.server.DefaultDaemonConnection] thread 20: Received IO message from client: org.gradle.launcher.daemon.protocol.CloseInput@5d3445eb
2023-03-29T13:55:52.754+0900 [DEBUG] [org.gradle.launcher.daemon.server.exec.LogToClient] About to start relaying all logs to the client via the connection.
2023-03-29T13:55:52.755+0900 [INFO] [org.gradle.launcher.daemon.server.exec.LogToClient] The client will now receive all logging from the daemon (pid: 40068). The daemon log file: C:\Users\mo700\AndroidStudioProjects\MoneyCycle\daemon\7.3.3\daemon-40068.out.log
2023-03-29T13:55:52.756+0900 [INFO] [org.gradle.launcher.daemon.server.exec.LogAndCheckHealth] Starting build in new daemon [memory: 2 GiB]
2023-03-29T13:55:52.758+0900 [INFO] [org.gradle.launcher.daemon.server.exec.ForwardClientInput] Closing daemon's stdin at end of input.
2023-03-29T13:55:52.758+0900 [INFO] [org.gradle.launcher.daemon.server.exec.ForwardClientInput] The daemon will no longer process any standard input.
2023-03-29T13:55:52.762+0900 [DEBUG] [org.gradle.launcher.daemon.server.exec.ExecuteBuild] The daemon has started executing the build.
2023-03-29T13:55:52.762+0900 [DEBUG] [org.gradle.launcher.daemon.server.exec.ExecuteBuild] Executing build with daemon context: DefaultDaemonContext[uid=955623dd-bdd9-4a4d-be39-8d98e7f97e2a,javaHome=C:\Program Files\Android\Android Studio\jbr,daemonRegistryDir=C:\Users\mo700\AndroidStudioProjects\MoneyCycle\daemon,pid=40068,idleTimeout=10800000,priority=NORMAL,daemonOpts=--add-opens,java.base/java.util=ALL-UNNAMED,--add-opens,java.base/java.lang=ALL-UNNAMED,--add-opens,java.base/java.lang.invoke=ALL-UNNAMED,--add-opens,java.base/java.util=ALL-UNNAMED,--add-opens,java.prefs/java.util.prefs=ALL-UNNAMED,--add-opens,java.prefs/java.util.prefs=ALL-UNNAMED,--add-opens,java.base/java.nio.charset=ALL-UNNAMED,--add-opens,java.base/java.net=ALL-UNNAMED,--add-opens,java.base/java.util.concurrent.atomic=ALL-UNNAMED,-Xmx2048m,-Dfile.encoding=UTF-8,-Duser.country=KR,-Duser.language=ko,-Duser.variant]

BUILD SUCCESSFUL in 54s
35 actionable tasks: 3 executed, 32 up-to-date
2023-03-29T13:56:44.965+0900 [DEBUG] [org.gradle.launcher.daemon.server.exec.ExecuteBuild] The daemon has finished executing the build.
2023-03-29T13:56:44.981+0900 [DEBUG] [org.gradle.launcher.daemon.server.DaemonStateCoordinator] daemon is running. Sleeping until state changes.
2023-03-29T13:56:44.981+0900 [DEBUG] [org.gradle.launcher.daemon.server.DaemonStateCoordinator] Command execution: finished waiting for DaemonCommandExecution[command = Build{id=5607648c-3aab-4b2f-aceb-2e1dca19e311, currentDir=C:\Users\mo700\AndroidStudioProjects\Icarus_App}, connection = DefaultDaemonConnection: socket connection from /127.0.0.1:30159 to /127.0.0.1:30160]. Result org.gradle.launcher.daemon.server.DaemonStateCoordinator@58de2ede with state Busy
2023-03-29T13:56:44.982+0900 [DEBUG] [org.gradle.launcher.daemon.server.DaemonStateCoordinator] Command execution: completed DaemonCommandExecution[command = Build{id=5607648c-3aab-4b2f-aceb-2e1dca19e311, currentDir=C:\Users\mo700\AndroidStudioProjects\Icarus_App}, connection = DefaultDaemonConnection: socket connection from /127.0.0.1:30159 to /127.0.0.1:30160]
2023-03-29T13:56:44.982+0900 [DEBUG] [org.gradle.launcher.daemon.server.DaemonStateCoordinator] resetting idle timer
2023-03-29T13:56:44.982+0900 [INFO] [org.gradle.launcher.daemon.server.DaemonRegistryUpdater] Marking the daemon as idle, address: [46140a20-a715-4e69-b65f-d96a00c51ac1 port:30159, addresses:[localhost/127.0.0.1]]
2023-03-29T13:56:44.982+0900 [DEBUG] [org.gradle.launcher.daemon.registry.PersistentDaemonRegistry] Marking busy by address: [46140a20-a715-4e69-b65f-d96a00c51ac1 port:30159, addresses:[localhost/127.0.0.1]]
2023-03-29T13:56:44.982+0900 [DEBUG] [org.gradle.cache.internal.DefaultFileLockManager] Waiting to acquire exclusive lock on daemon addresses registry.
2023-03-29T13:56:44.983+0900 [DEBUG] [org.gradle.cache.internal.DefaultFileLockManager] Lock acquired on daemon addresses registry.
2023-03-29T13:56:44.983+0900 [DEBUG] [org.gradle.cache.internal.DefaultFileLockManager] Releasing lock on daemon addresses registry.
2023-03-29T13:56:44.984+0900 [DEBUG] [org.gradle.launcher.daemon.server.DaemonStateCoordinator] daemon is running. Sleeping until state changes.
2023-03-29T13:56:44.984+0900 [DEBUG] [org.gradle.launcher.daemon.server.exec.ReturnResult] Daemon is dispatching the build result: Success[value=org.gradle.launcher.exec.BuildActionResult@2a2b7328]
2023-03-29T13:56:44.984+0900 [DEBUG] [org.gradle.launcher.daemon.server.SynchronizedDispatchConnection] thread 19: dispatching Success[value=org.gradle.launcher.exec.BuildActionResult@2a2b7328]
2023-03-29T13:56:44.984+0900 [DEBUG] [org.gradle.launcher.daemon.server.DefaultIncomingConnectionHandler] Finishing executing command: Build{id=5607648c-3aab-4b2f-aceb-2e1dca19e311, currentDir=C:\Users\mo700\AndroidStudioProjects\Icarus_App}
2023-03-29T13:56:44.986+0900 [DEBUG] [org.gradle.launcher.daemon.server.SynchronizedDispatchConnection] thread 20: received class org.gradle.launcher.daemon.protocol.Finished
2023-03-29T13:56:44.986+0900 [DEBUG] [org.gradle.launcher.daemon.server.DefaultDaemonConnection] thread 20: Received non-IO message from client: org.gradle.launcher.daemon.protocol.Finished@d91711d
2023-03-29T13:56:44.986+0900 [DEBUG] [org.gradle.launcher.daemon.server.DefaultIncomingConnectionHandler] Received finished message: org.gradle.launcher.daemon.protocol.Finished@d91711d
2023-03-29T13:56:44.986+0900 [DEBUG] [org.gradle.launcher.daemon.server.SynchronizedDispatchConnection] thread 19: stopping connection
2023-03-29T13:56:44.986+0900 [DEBUG] [org.gradle.internal.remote.internal.inet.SocketConnection] Discarding EOFException: java.io.EOFException
2023-03-29T13:56:44.987+0900 [DEBUG] [org.gradle.launcher.daemon.server.SynchronizedDispatchConnection] thread 20: received null
2023-03-29T13:56:44.987+0900 [DEBUG] [org.gradle.launcher.daemon.server.DefaultDaemonConnection] thread 20: Received end-of-input from client.
2023-03-29T13:56:44.987+0900 [DEBUG] [org.gradle.launcher.daemon.server.SynchronizedDispatchConnection] thread 19: stopping connection
2023-03-29T13:56:52.723+0900 [DEBUG] [org.gradle.cache.internal.DefaultFileLockManager] Waiting to acquire shared lock on daemon addresses registry.
2023-03-29T13:56:52.723+0900 [DEBUG] [org.gradle.cache.internal.DefaultFileLockManager] Lock acquired on daemon addresses registry.
2023-03-29T13:56:52.723+0900 [DEBUG] [org.gradle.cache.internal.DefaultFileLockManager] Releasing lock on daemon addresses registry.
2023-03-29T13:56:52.724+0900 [DEBUG] [org.gradle.cache.internal.DefaultFileLockManager] Waiting to acquire shared lock on daemon addresses registry.
2023-03-29T13:56:52.724+0900 [DEBUG] [org.gradle.cache.internal.DefaultFileLockManager] Lock acquired on daemon addresses registry.
2023-03-29T13:56:52.724+0900 [DEBUG] [org.gradle.cache.internal.DefaultFileLockManager] Releasing lock on daemon addresses registry.
2023-03-29T13:57:02.724+0900 [DEBUG] [org.gradle.cache.internal.DefaultFileLockManager] Waiting to acquire shared lock on daemon addresses registry.
2023-03-29T13:57:02.725+0900 [DEBUG] [org.gradle.cache.internal.DefaultFileLockManager] Lock acquired on daemon addresses registry.
2023-03-29T13:57:02.725+0900 [DEBUG] [org.gradle.cache.internal.DefaultFileLockManager] Releasing lock on daemon addresses registry.
2023-03-29T13:57:02.725+0900 [DEBUG] [org.gradle.cache.internal.DefaultFileLockManager] Waiting to acquire shared lock on daemon addresses registry.
2023-03-29T13:57:02.725+0900 [DEBUG] [org.gradle.cache.internal.DefaultFileLockManager] Lock acquired on daemon addresses registry.
2023-03-29T13:57:02.726+0900 [DEBUG] [org.gradle.cache.internal.DefaultFileLockManager] Releasing lock on daemon addresses registry.
2023-03-29T13:57:02.726+0900 [DEBUG] [org.gradle.cache.internal.DefaultFileLockManager] Waiting to acquire shared lock on daemon addresses registry.
2023-03-29T13:57:02.726+0900 [DEBUG] [org.gradle.cache.internal.DefaultFileLockManager] Lock acquired on daemon addresses registry.
2023-03-29T13:57:02.726+0900 [DEBUG] [org.gradle.cache.internal.DefaultFileLockManager] Releasing lock on daemon addresses registry.
2023-03-29T13:57:07.494+0900 [DEBUG] [org.gradle.internal.remote.internal.inet.TcpIncomingConnector] Accepted connection from /127.0.0.1:30456 to /127.0.0.1:30159.
2023-03-29T13:57:07.497+0900 [DEBUG] [org.gradle.launcher.daemon.server.SynchronizedDispatchConnection] thread 206: received class org.gradle.launcher.daemon.protocol.Build
2023-03-29T13:57:07.497+0900 [DEBUG] [org.gradle.launcher.daemon.server.DefaultDaemonConnection] thread 206: Received non-IO message from client: Build{id=8b20163c-f43b-429a-b2ed-fbd6d10759bd, currentDir=C:\Users\mo700\AndroidStudioProjects\Icarus_App}
2023-03-29T13:57:07.497+0900 [INFO] [org.gradle.launcher.daemon.server.DefaultIncomingConnectionHandler] Received command: Build{id=8b20163c-f43b-429a-b2ed-fbd6d10759bd, currentDir=C:\Users\mo700\AndroidStudioProjects\Icarus_App}.
2023-03-29T13:57:07.497+0900 [DEBUG] [org.gradle.launcher.daemon.server.DefaultIncomingConnectionHandler] Starting executing command: Build{id=8b20163c-f43b-429a-b2ed-fbd6d10759bd, currentDir=C:\Users\mo700\AndroidStudioProjects\Icarus_App} with connection: socket connection from /127.0.0.1:30159 to /127.0.0.1:30456.
2023-03-29T13:57:07.497+0900 [DEBUG] [org.gradle.launcher.daemon.server.DaemonStateCoordinator] Command execution: started DaemonCommandExecution[command = Build{id=8b20163c-f43b-429a-b2ed-fbd6d10759bd, currentDir=C:\Users\mo700\AndroidStudioProjects\Icarus_App}, connection = DefaultDaemonConnection: socket connection from /127.0.0.1:30159 to /127.0.0.1:30456] after 0.0 minutes of idle
2023-03-29T13:57:07.498+0900 [INFO] [org.gradle.launcher.daemon.server.DaemonRegistryUpdater] Marking the daemon as busy, address: [46140a20-a715-4e69-b65f-d96a00c51ac1 port:30159, addresses:[localhost/127.0.0.1]]
2023-03-29T13:57:07.498+0900 [DEBUG] [org.gradle.launcher.daemon.registry.PersistentDaemonRegistry] Marking busy by address: [46140a20-a715-4e69-b65f-d96a00c51ac1 port:30159, addresses:[localhost/127.0.0.1]]
2023-03-29T13:57:07.498+0900 [DEBUG] [org.gradle.cache.internal.DefaultFileLockManager] Waiting to acquire exclusive lock on daemon addresses registry.
2023-03-29T13:57:07.498+0900 [DEBUG] [org.gradle.cache.internal.DefaultFileLockManager] Lock acquired on daemon addresses registry.
2023-03-29T13:57:07.499+0900 [DEBUG] [org.gradle.cache.internal.DefaultFileLockManager] Releasing lock on daemon addresses registry.
2023-03-29T13:57:07.499+0900 [DEBUG] [org.gradle.launcher.daemon.server.DaemonStateCoordinator] resetting idle timer
2023-03-29T13:57:07.499+0900 [DEBUG] [org.gradle.launcher.daemon.server.DaemonStateCoordinator] daemon is running. Sleeping until state changes.
2023-03-29T13:57:07.499+0900 [INFO] [org.gradle.launcher.daemon.server.exec.StartBuildOrRespondWithBusy] Daemon is about to start building Build{id=8b20163c-f43b-429a-b2ed-fbd6d10759bd, currentDir=C:\Users\mo700\AndroidStudioProjects\Icarus_App}. Dispatching build started information...
2023-03-29T13:57:07.500+0900 [DEBUG] [org.gradle.launcher.daemon.server.SynchronizedDispatchConnection] thread 22: dispatching org.gradle.launcher.daemon.protocol.BuildStarted@6e089694
2023-03-29T13:57:07.500+0900 [DEBUG] [org.gradle.launcher.daemon.server.SynchronizedDispatchConnection] thread 206: received class org.gradle.launcher.daemon.protocol.CloseInput
2023-03-29T13:57:07.500+0900 [DEBUG] [org.gradle.launcher.daemon.server.exec.EstablishBuildEnvironment] Configuring env variables: [USERDOMAIN_ROAMINGPROFILE, PROCESSOR_LEVEL, SESSIONNAME, ALLUSERSPROFILE, PROCESSOR_ARCHITECTURE, PSModulePath, SystemDrive, USERNAME, OculusBase, ProgramFiles(x86), GPU_USE_SYNC_OBJECTS, GPU_MAX_ALLOC_PERCENT, FPS_BROWSER_USER_PROFILE_STRING, PATHEXT, DriverData, IntelliJ IDEA Community Edition, PyCharm Community Edition, ProgramData, GIT_LFS_PATH, ProgramW6432, HOMEPATH, PROCESSOR_IDENTIFIER, ProgramFiles, PUBLIC, OPENSSL_ia32cap, windir, VS160COMCOMNTOOLS, =::, GPU_MAX_HEAP_SIZE, LOCALAPPDATA, IntelliJ IDEA, GPU_SINGLE_ALLOC_PERCENT, USERDOMAIN, GPU_FORCE_64BIT_PTR, LOGONSERVER, FPS_BROWSER_APP_PROFILE_STRING, JAVA_HOME, OneDrive, APPDATA, VBOX_HWVIRTEX_IGNORE_SVM_IN_USE, CommonProgramFiles, Path, OS, COMPUTERNAME, PROCESSOR_REVISION, CLASSPATH, CommonProgramW6432, ComSpec, TEMP, SystemRoot, HOMEDRIVE, USERPROFILE, TMP, CommonProgramFiles(x86), NUMBER_OF_PROCESSORS, IDEA_INITIAL_DIRECTORY, ANDROID_AVD_HOME]
2023-03-29T13:57:07.500+0900 [DEBUG] [org.gradle.launcher.daemon.server.DefaultDaemonConnection] thread 206: Received IO message from client: org.gradle.launcher.daemon.protocol.CloseInput@143b6e0c
2023-03-29T13:57:07.501+0900 [DEBUG] [org.gradle.launcher.daemon.server.exec.LogToClient] About to start relaying all logs to the client via the connection.
2023-03-29T13:57:07.501+0900 [INFO] [org.gradle.launcher.daemon.server.exec.LogToClient] The client will now receive all logging from the daemon (pid: 40068). The daemon log file: C:\Users\mo700\AndroidStudioProjects\MoneyCycle\daemon\7.3.3\daemon-40068.out.log
2023-03-29T13:57:07.502+0900 [INFO] [org.gradle.launcher.daemon.server.exec.LogAndCheckHealth] Starting 2nd build in daemon [uptime: 1 mins 15.477 secs, performance: 99%]
2023-03-29T13:57:07.502+0900 [DEBUG] [org.gradle.launcher.daemon.server.exec.ExecuteBuild] The daemon has started executing the build.
2023-03-29T13:57:07.502+0900 [INFO] [org.gradle.launcher.daemon.server.exec.ForwardClientInput] Closing daemon's stdin at end of input.
2023-03-29T13:57:07.502+0900 [DEBUG] [org.gradle.launcher.daemon.server.exec.ExecuteBuild] Executing build with daemon context: DefaultDaemonContext[uid=955623dd-bdd9-4a4d-be39-8d98e7f97e2a,javaHome=C:\Program Files\Android\Android Studio\jbr,daemonRegistryDir=C:\Users\mo700\AndroidStudioProjects\MoneyCycle\daemon,pid=40068,idleTimeout=10800000,priority=NORMAL,daemonOpts=--add-opens,java.base/java.util=ALL-UNNAMED,--add-opens,java.base/java.lang=ALL-UNNAMED,--add-opens,java.base/java.lang.invoke=ALL-UNNAMED,--add-opens,java.base/java.util=ALL-UNNAMED,--add-opens,java.prefs/java.util.prefs=ALL-UNNAMED,--add-opens,java.prefs/java.util.prefs=ALL-UNNAMED,--add-opens,java.base/java.nio.charset=ALL-UNNAMED,--add-opens,java.base/java.net=ALL-UNNAMED,--add-opens,java.base/java.util.concurrent.atomic=ALL-UNNAMED,-Xmx2048m,-Dfile.encoding=UTF-8,-Duser.country=KR,-Duser.language=ko,-Duser.variant]
2023-03-29T13:57:07.502+0900 [INFO] [org.gradle.launcher.daemon.server.exec.ForwardClientInput] The daemon will no longer process any standard input.

BUILD SUCCESSFUL in 465ms
35 actionable tasks: 35 up-to-date
2023-03-29T13:57:07.987+0900 [DEBUG] [org.gradle.launcher.daemon.server.exec.ExecuteBuild] The daemon has finished executing the build.
2023-03-29T13:57:08.003+0900 [DEBUG] [org.gradle.launcher.daemon.server.DaemonStateCoordinator] daemon is running. Sleeping until state changes.
2023-03-29T13:57:08.003+0900 [DEBUG] [org.gradle.launcher.daemon.server.DaemonStateCoordinator] Command execution: finished waiting for DaemonCommandExecution[command = Build{id=8b20163c-f43b-429a-b2ed-fbd6d10759bd, currentDir=C:\Users\mo700\AndroidStudioProjects\Icarus_App}, connection = DefaultDaemonConnection: socket connection from /127.0.0.1:30159 to /127.0.0.1:30456]. Result org.gradle.launcher.daemon.server.DaemonStateCoordinator@58de2ede with state Busy
2023-03-29T13:57:08.003+0900 [DEBUG] [org.gradle.launcher.daemon.server.DaemonStateCoordinator] Command execution: completed DaemonCommandExecution[command = Build{id=8b20163c-f43b-429a-b2ed-fbd6d10759bd, currentDir=C:\Users\mo700\AndroidStudioProjects\Icarus_App}, connection = DefaultDaemonConnection: socket connection from /127.0.0.1:30159 to /127.0.0.1:30456]
2023-03-29T13:57:08.003+0900 [DEBUG] [org.gradle.launcher.daemon.server.DaemonStateCoordinator] resetting idle timer
2023-03-29T13:57:08.003+0900 [INFO] [org.gradle.launcher.daemon.server.DaemonRegistryUpdater] Marking the daemon as idle, address: [46140a20-a715-4e69-b65f-d96a00c51ac1 port:30159, addresses:[localhost/127.0.0.1]]
2023-03-29T13:57:08.004+0900 [DEBUG] [org.gradle.launcher.daemon.registry.PersistentDaemonRegistry] Marking busy by address: [46140a20-a715-4e69-b65f-d96a00c51ac1 port:30159, addresses:[localhost/127.0.0.1]]
2023-03-29T13:57:08.004+0900 [DEBUG] [org.gradle.cache.internal.DefaultFileLockManager] Waiting to acquire exclusive lock on daemon addresses registry.
2023-03-29T13:57:08.005+0900 [DEBUG] [org.gradle.cache.internal.DefaultFileLockManager] Lock acquired on daemon addresses registry.
2023-03-29T13:57:08.005+0900 [DEBUG] [org.gradle.cache.internal.DefaultFileLockManager] Releasing lock on daemon addresses registry.
2023-03-29T13:57:08.006+0900 [DEBUG] [org.gradle.launcher.daemon.server.DaemonStateCoordinator] daemon is running. Sleeping until state changes.
2023-03-29T13:57:08.006+0900 [DEBUG] [org.gradle.launcher.daemon.server.exec.ReturnResult] Daemon is dispatching the build result: Success[value=org.gradle.launcher.exec.BuildActionResult@7e2031a]
2023-03-29T13:57:08.006+0900 [DEBUG] [org.gradle.launcher.daemon.server.SynchronizedDispatchConnection] thread 19: dispatching Success[value=org.gradle.launcher.exec.BuildActionResult@7e2031a]
2023-03-29T13:57:08.006+0900 [DEBUG] [org.gradle.launcher.daemon.server.DefaultIncomingConnectionHandler] Finishing executing command: Build{id=8b20163c-f43b-429a-b2ed-fbd6d10759bd, currentDir=C:\Users\mo700\AndroidStudioProjects\Icarus_App}
2023-03-29T13:57:08.006+0900 [DEBUG] [org.gradle.launcher.daemon.server.SynchronizedDispatchConnection] thread 206: received class org.gradle.launcher.daemon.protocol.Finished
2023-03-29T13:57:08.006+0900 [DEBUG] [org.gradle.launcher.daemon.server.DefaultDaemonConnection] thread 206: Received non-IO message from client: org.gradle.launcher.daemon.protocol.Finished@1afc82fb
2023-03-29T13:57:08.006+0900 [DEBUG] [org.gradle.launcher.daemon.server.DefaultIncomingConnectionHandler] Received finished message: org.gradle.launcher.daemon.protocol.Finished@1afc82fb
2023-03-29T13:57:08.006+0900 [DEBUG] [org.gradle.launcher.daemon.server.SynchronizedDispatchConnection] thread 19: stopping connection
2023-03-29T13:57:08.006+0900 [DEBUG] [org.gradle.internal.remote.internal.inet.SocketConnection] Discarding EOFException: java.io.EOFException
2023-03-29T13:57:08.007+0900 [DEBUG] [org.gradle.launcher.daemon.server.SynchronizedDispatchConnection] thread 206: received null
2023-03-29T13:57:08.007+0900 [DEBUG] [org.gradle.launcher.daemon.server.DefaultDaemonConnection] thread 206: Received end-of-input from client.
2023-03-29T13:57:08.007+0900 [DEBUG] [org.gradle.launcher.daemon.server.SynchronizedDispatchConnection] thread 19: stopping connection
2023-03-29T13:57:12.083+0900 [DEBUG] [org.gradle.process.internal.health.memory.DefaultMemoryManager] 3428238540 memory requested, 3424980992 free
2023-03-29T13:57:12.083+0900 [DEBUG] [org.gradle.workers.internal.WorkerDaemonExpiration] Will attempt to release 3269 of memory
2023-03-29T13:57:12.083+0900 [DEBUG] [org.gradle.process.internal.health.memory.DefaultMemoryManager] 3428238540 memory requested, 0 released, 3424980992 free
2023-03-29T13:57:12.715+0900 [DEBUG] [org.gradle.cache.internal.DefaultFileLockManager] Waiting to acquire shared lock on daemon addresses registry.
2023-03-29T13:57:12.715+0900 [DEBUG] [org.gradle.cache.internal.DefaultFileLockManager] Lock acquired on daemon addresses registry.
2023-03-29T13:57:12.715+0900 [DEBUG] [org.gradle.cache.internal.DefaultFileLockManager] Releasing lock on daemon addresses registry.
2023-03-29T13:57:12.716+0900 [DEBUG] [org.gradle.cache.internal.DefaultFileLockManager] Waiting to acquire shared lock on daemon addresses registry.
2023-03-29T13:57:12.716+0900 [DEBUG] [org.gradle.cache.internal.DefaultFileLockManager] Lock acquired on daemon addresses registry.
2023-03-29T13:57:12.716+0900 [DEBUG] [org.gradle.cache.internal.DefaultFileLockManager] Releasing lock on daemon addresses registry.
2023-03-29T13:57:22.715+0900 [DEBUG] [org.gradle.cache.internal.DefaultFileLockManager] Waiting to acquire shared lock on daemon addresses registry.
2023-03-29T13:57:22.715+0900 [DEBUG] [org.gradle.cache.internal.DefaultFileLockManager] Lock acquired on daemon addresses registry.
2023-03-29T13:57:22.715+0900 [DEBUG] [org.gradle.cache.internal.DefaultFileLockManager] Releasing lock on daemon addresses registry.
2023-03-29T13:57:22.716+0900 [DEBUG] [org.gradle.cache.internal.DefaultFileLockManager] Waiting to acquire shared lock on daemon addresses registry.
2023-03-29T13:57:22.716+0900 [DEBUG] [org.gradle.cache.internal.DefaultFileLockManager] Lock acquired on daemon addresses registry.
2023-03-29T13:57:22.716+0900 [DEBUG] [org.gradle.cache.internal.DefaultFileLockManager] Releasing lock on daemon addresses registry.
2023-03-29T13:57:22.716+0900 [DEBUG] [org.gradle.cache.internal.DefaultFileLockManager] Waiting to acquire shared lock on daemon addresses registry.
2023-03-29T13:57:22.716+0900 [DEBUG] [org.gradle.cache.internal.DefaultFileLockManager] Lock acquired on daemon addresses registry.
2023-03-29T13:57:22.717+0900 [DEBUG] [org.gradle.cache.internal.DefaultFileLockManager] Releasing lock on daemon addresses registry.
2023-03-29T13:57:32.722+0900 [DEBUG] [org.gradle.cache.internal.DefaultFileLockManager] Waiting to acquire shared lock on daemon addresses registry.
2023-03-29T13:57:32.722+0900 [DEBUG] [org.gradle.cache.internal.DefaultFileLockManager] Lock acquired on daemon addresses registry.
2023-03-29T13:57:32.722+0900 [DEBUG] [org.gradle.cache.internal.DefaultFileLockManager] Releasing lock on daemon addresses registry.
2023-03-29T13:57:32.723+0900 [DEBUG] [org.gradle.cache.internal.DefaultFileLockManager] Waiting to acquire shared lock on daemon addresses registry.
2023-03-29T13:57:32.723+0900 [DEBUG] [org.gradle.cache.internal.DefaultFileLockManager] Lock acquired on daemon addresses registry.
2023-03-29T13:57:32.723+0900 [DEBUG] [org.gradle.cache.internal.DefaultFileLockManager] Releasing lock on daemon addresses registry.
2023-03-29T13:57:32.724+0900 [DEBUG] [org.gradle.cache.internal.DefaultFileLockManager] Waiting to acquire shared lock on daemon addresses registry.
2023-03-29T13:57:32.724+0900 [DEBUG] [org.gradle.cache.internal.DefaultFileLockManager] Lock acquired on daemon addresses registry.
2023-03-29T13:57:32.724+0900 [DEBUG] [org.gradle.cache.internal.DefaultFileLockManager] Releasing lock on daemon addresses registry.
2023-03-29T13:57:42.724+0900 [DEBUG] [org.gradle.cache.internal.DefaultFileLockManager] Waiting to acquire shared lock on daemon addresses registry.
2023-03-29T13:57:42.724+0900 [DEBUG] [org.gradle.cache.internal.DefaultFileLockManager] Lock acquired on daemon addresses registry.
2023-03-29T13:57:42.724+0900 [DEBUG] [org.gradle.cache.internal.DefaultFileLockManager] Releasing lock on daemon addresses registry.
2023-03-29T13:57:42.724+0900 [DEBUG] [org.gradle.cache.internal.DefaultFileLockManager] Waiting to acquire shared lock on daemon addresses registry.
2023-03-29T13:57:42.725+0900 [DEBUG] [org.gradle.cache.internal.DefaultFileLockManager] Lock acquired on daemon addresses registry.
2023-03-29T13:57:42.725+0900 [DEBUG] [org.gradle.cache.internal.DefaultFileLockManager] Releasing lock on daemon addresses registry.
2023-03-29T13:57:42.725+0900 [DEBUG] [org.gradle.cache.internal.DefaultFileLockManager] Waiting to acquire shared lock on daemon addresses registry.
2023-03-29T13:57:42.725+0900 [DEBUG] [org.gradle.cache.internal.DefaultFileLockManager] Lock acquired on daemon addresses registry.
2023-03-29T13:57:42.725+0900 [DEBUG] [org.gradle.cache.internal.DefaultFileLockManager] Releasing lock on daemon addresses registry.
2023-03-29T13:57:52.712+0900 [DEBUG] [org.gradle.cache.internal.DefaultFileLockManager] Waiting to acquire shared lock on daemon addresses registry.
2023-03-29T13:57:52.712+0900 [DEBUG] [org.gradle.cache.internal.DefaultFileLockManager] Lock acquired on daemon addresses registry.
2023-03-29T13:57:52.712+0900 [DEBUG] [org.gradle.cache.internal.DefaultFileLockManager] Releasing lock on daemon addresses registry.
2023-03-29T13:57:52.712+0900 [DEBUG] [org.gradle.cache.internal.DefaultFileLockManager] Waiting to acquire shared lock on daemon addresses registry.
2023-03-29T13:57:52.713+0900 [DEBUG] [org.gradle.cache.internal.DefaultFileLockManager] Lock acquired on daemon addresses registry.
2023-03-29T13:57:52.713+0900 [DEBUG] [org.gradle.cache.internal.DefaultFileLockManager] Releasing lock on daemon addresses registry.
2023-03-29T13:57:52.713+0900 [DEBUG] [org.gradle.cache.internal.DefaultFileLockManager] Waiting to acquire shared lock on daemon addresses registry.
2023-03-29T13:57:52.713+0900 [DEBUG] [org.gradle.cache.internal.DefaultFileLockManager] Lock acquired on daemon addresses registry.
2023-03-29T13:57:52.713+0900 [DEBUG] [org.gradle.cache.internal.DefaultFileLockManager] Releasing lock on daemon addresses registry.
2023-03-29T13:58:02.726+0900 [DEBUG] [org.gradle.cache.internal.DefaultFileLockManager] Waiting to acquire shared lock on daemon addresses registry.
2023-03-29T13:58:02.726+0900 [DEBUG] [org.gradle.cache.internal.DefaultFileLockManager] Lock acquired on daemon addresses registry.
2023-03-29T13:58:02.726+0900 [DEBUG] [org.gradle.cache.internal.DefaultFileLockManager] Releasing lock on daemon addresses registry.
2023-03-29T13:58:02.727+0900 [DEBUG] [org.gradle.cache.internal.DefaultFileLockManager] Waiting to acquire shared lock on daemon addresses registry.
2023-03-29T13:58:02.727+0900 [DEBUG] [org.gradle.cache.internal.DefaultFileLockManager] Lock acquired on daemon addresses registry.
2023-03-29T13:58:02.727+0900 [DEBUG] [org.gradle.cache.internal.DefaultFileLockManager] Releasing lock on daemon addresses registry.
2023-03-29T13:58:02.727+0900 [DEBUG] [org.gradle.cache.internal.DefaultFileLockManager] Waiting to acquire shared lock on daemon addresses registry.
2023-03-29T13:58:02.727+0900 [DEBUG] [org.gradle.cache.internal.DefaultFileLockManager] Lock acquired on daemon addresses registry.
2023-03-29T13:58:02.728+0900 [DEBUG] [org.gradle.cache.internal.DefaultFileLockManager] Releasing lock on daemon addresses registry.
2023-03-29T13:58:12.715+0900 [DEBUG] [org.gradle.cache.internal.DefaultFileLockManager] Waiting to acquire shared lock on daemon addresses registry.
2023-03-29T13:58:12.716+0900 [DEBUG] [org.gradle.cache.internal.DefaultFileLockManager] Lock acquired on daemon addresses registry.
2023-03-29T13:58:12.716+0900 [DEBUG] [org.gradle.cache.internal.DefaultFileLockManager] Releasing lock on daemon addresses registry.
2023-03-29T13:58:12.716+0900 [DEBUG] [org.gradle.cache.internal.DefaultFileLockManager] Waiting to acquire shared lock on daemon addresses registry.
2023-03-29T13:58:12.716+0900 [DEBUG] [org.gradle.cache.internal.DefaultFileLockManager] Lock acquired on daemon addresses registry.
2023-03-29T13:58:12.717+0900 [DEBUG] [org.gradle.cache.internal.DefaultFileLockManager] Releasing lock on daemon addresses registry.
2023-03-29T13:58:12.717+0900 [DEBUG] [org.gradle.cache.internal.DefaultFileLockManager] Waiting to acquire shared lock on daemon addresses registry.
2023-03-29T13:58:12.717+0900 [DEBUG] [org.gradle.cache.internal.DefaultFileLockManager] Lock acquired on daemon addresses registry.
2023-03-29T13:58:12.717+0900 [DEBUG] [org.gradle.cache.internal.DefaultFileLockManager] Releasing lock on daemon addresses registry.
2023-03-29T13:58:17.488+0900 [DEBUG] [org.gradle.internal.remote.internal.inet.TcpIncomingConnector] Accepted connection from /127.0.0.1:30592 to /127.0.0.1:30159.
2023-03-29T13:58:17.515+0900 [DEBUG] [org.gradle.launcher.daemon.server.SynchronizedDispatchConnection] thread 354: received class org.gradle.launcher.daemon.protocol.StopWhenIdle
2023-03-29T13:58:17.515+0900 [DEBUG] [org.gradle.launcher.daemon.server.DefaultDaemonConnection] thread 354: Received non-IO message from client: StopWhenIdle[id=d31333bf-0119-4b28-a949-f55e7a0b72ab]
2023-03-29T13:58:17.515+0900 [INFO] [org.gradle.launcher.daemon.server.DefaultIncomingConnectionHandler] Received command: StopWhenIdle[id=d31333bf-0119-4b28-a949-f55e7a0b72ab].
2023-03-29T13:58:17.515+0900 [DEBUG] [org.gradle.launcher.daemon.server.DefaultIncomingConnectionHandler] Starting executing command: StopWhenIdle[id=d31333bf-0119-4b28-a949-f55e7a0b72ab] with connection: socket connection from /127.0.0.1:30159 to /127.0.0.1:30592.
2023-03-29T13:58:17.515+0900 [DEBUG] [org.gradle.launcher.daemon.server.DaemonRegistryUpdater] Storing daemon stop event: stop command received
2023-03-29T13:58:17.517+0900 [DEBUG] [org.gradle.launcher.daemon.registry.PersistentDaemonRegistry] Storing daemon stop event with timestamp 1680065897515
2023-03-29T13:58:17.518+0900 [DEBUG] [org.gradle.cache.internal.DefaultFileLockManager] Waiting to acquire exclusive lock on daemon addresses registry.
2023-03-29T13:58:17.518+0900 [DEBUG] [org.gradle.cache.internal.DefaultFileLockManager] Lock acquired on daemon addresses registry.
2023-03-29T13:58:17.519+0900 [DEBUG] [org.gradle.cache.internal.DefaultFileLockManager] Releasing lock on daemon addresses registry.
2023-03-29T13:58:17.520+0900 [LIFECYCLE] [org.gradle.launcher.daemon.server.DaemonStateCoordinator] Daemon will be stopped at the end of the build stop command received
2023-03-29T13:58:17.520+0900 [DEBUG] [org.gradle.launcher.daemon.server.DaemonStateCoordinator] Marking daemon stopped due to stop command received. The daemon is running a build: false
2023-03-29T13:58:17.520+0900 [DEBUG] [org.gradle.launcher.daemon.server.DaemonStateCoordinator] daemon has stopped.
2023-03-29T13:58:17.520+0900 [DEBUG] [org.gradle.launcher.daemon.server.SynchronizedDispatchConnection] thread 353: dispatching Success[value=null]
2023-03-29T13:58:17.520+0900 [DEBUG] [org.gradle.launcher.daemon.server.Daemon] stop() called on daemon
2023-03-29T13:58:17.520+0900 [DEBUG] [org.gradle.launcher.daemon.server.DefaultIncomingConnectionHandler] Finishing executing command: StopWhenIdle[id=d31333bf-0119-4b28-a949-f55e7a0b72ab]
2023-03-29T13:58:17.520+0900 [DEBUG] [org.gradle.launcher.daemon.server.SynchronizedDispatchConnection] thread 354: received class org.gradle.launcher.daemon.protocol.Finished
2023-03-29T13:58:17.520+0900 [DEBUG] [org.gradle.launcher.daemon.server.DefaultDaemonConnection] thread 354: Received non-IO message from client: org.gradle.launcher.daemon.protocol.Finished@7ec2f9d
2023-03-29T13:58:17.520+0900 [DEBUG] [org.gradle.launcher.daemon.server.DefaultIncomingConnectionHandler] Received finished message: org.gradle.launcher.daemon.protocol.Finished@7ec2f9d
2023-03-29T13:58:17.521+0900 [DEBUG] [org.gradle.launcher.daemon.server.SynchronizedDispatchConnection] thread 353: stopping connection
2023-03-29T13:58:17.520+0900 [INFO] [org.gradle.launcher.daemon.server.Daemon] Stop requested. Daemon is removing its presence from the registry...
2023-03-29T13:58:17.521+0900 [DEBUG] [org.gradle.internal.remote.internal.inet.SocketConnection] Discarding EOFException: java.io.EOFException
2023-03-29T13:58:17.521+0900 [DEBUG] [org.gradle.launcher.daemon.server.SynchronizedDispatchConnection] thread 354: received null
2023-03-29T13:58:17.521+0900 [DEBUG] [org.gradle.launcher.daemon.server.DefaultDaemonConnection] thread 354: Received end-of-input from client.
2023-03-29T13:58:17.521+0900 [DEBUG] [org.gradle.launcher.daemon.server.SynchronizedDispatchConnection] thread 353: stopping connection
2023-03-29T13:58:17.521+0900 [DEBUG] [org.gradle.launcher.daemon.server.DaemonRegistryUpdater] Removing our presence to clients, eg. removing this address from the registry: [46140a20-a715-4e69-b65f-d96a00c51ac1 port:30159, addresses:[localhost/127.0.0.1]]
2023-03-29T13:58:17.521+0900 [DEBUG] [org.gradle.launcher.daemon.registry.PersistentDaemonRegistry] Removing daemon address: [46140a20-a715-4e69-b65f-d96a00c51ac1 port:30159, addresses:[localhost/127.0.0.1]]
2023-03-29T13:58:17.522+0900 [DEBUG] [org.gradle.cache.internal.DefaultFileLockManager] Waiting to acquire exclusive lock on daemon addresses registry.
2023-03-29T13:58:17.522+0900 [DEBUG] [org.gradle.cache.internal.DefaultFileLockManager] Lock acquired on daemon addresses registry.
2023-03-29T13:58:17.523+0900 [DEBUG] [org.gradle.cache.internal.DefaultFileLockManager] Releasing lock on daemon addresses registry.
2023-03-29T13:58:17.523+0900 [DEBUG] [org.gradle.launcher.daemon.server.DaemonRegistryUpdater] Address removed from registry.
2023-03-29T13:58:17.527+0900 [DEBUG] [org.gradle.cache.internal.LockOnDemandCrossProcessCacheAccess] Releasing file lock for jars (C:\Users\mo700\AndroidStudioProjects\MoneyCycle\caches\jars-9)
2023-03-29T13:58:17.527+0900 [DEBUG] [org.gradle.cache.internal.DefaultFileLockManager] Releasing lock on jars (C:\Users\mo700\AndroidStudioProjects\MoneyCycle\caches\jars-9).
2023-03-29T13:58:17.528+0900 [DEBUG] [org.gradle.cache.internal.DefaultPersistentDirectoryStore] jars (C:\Users\mo700\AndroidStudioProjects\MoneyCycle\caches\jars-9) has last been fully cleaned up 33 hours ago
2023-03-29T13:58:17.538+0900 [INFO] [org.gradle.cache.internal.AbstractCacheCleanup] jars (C:\Users\mo700\AndroidStudioProjects\MoneyCycle\caches\jars-9) cleanup deleted 0 files/directories.
2023-03-29T13:58:17.539+0900 [INFO] [org.gradle.cache.internal.LeastRecentlyUsedCacheCleanup] jars (C:\Users\mo700\AndroidStudioProjects\MoneyCycle\caches\jars-9) removing files not accessed on or after Wed Mar 22 13:55:53 KST 2023.
2023-03-29T13:58:17.565+0900 [INFO] [org.gradle.cache.internal.AbstractCacheCleanup] jars (C:\Users\mo700\AndroidStudioProjects\MoneyCycle\caches\jars-9) cleanup deleted 0 files/directories.
2023-03-29T13:58:17.566+0900 [INFO] [org.gradle.cache.internal.DefaultPersistentDirectoryStore] jars (C:\Users\mo700\AndroidStudioProjects\MoneyCycle\caches\jars-9) cleaned up in 0.037 secs.
2023-03-29T13:58:17.585+0900 [DEBUG] [org.gradle.cache.internal.LockOnDemandCrossProcessCacheAccess] Releasing file lock for file content cache (C:\Users\mo700\AndroidStudioProjects\MoneyCycle\caches\7.3.3\fileContent)
2023-03-29T13:58:17.585+0900 [DEBUG] [org.gradle.cache.internal.DefaultFileLockManager] Releasing lock on file content cache (C:\Users\mo700\AndroidStudioProjects\MoneyCycle\caches\7.3.3\fileContent).
2023-03-29T13:58:17.586+0900 [DEBUG] [org.gradle.internal.watch.vfs.impl.WatchingVirtualFileSystem] Closing VFS, dropping state
2023-03-29T13:58:17.588+0900 [DEBUG] [org.gradle.cache.internal.LockOnDemandCrossProcessCacheAccess] Releasing file lock for Artifact transforms cache (C:\Users\mo700\AndroidStudioProjects\MoneyCycle\caches\transforms-3)
2023-03-29T13:58:17.588+0900 [DEBUG] [org.gradle.internal.watch.registry.impl.DefaultFileWatcherRegistry] Finished listening to file system change events
2023-03-29T13:58:17.588+0900 [DEBUG] [org.gradle.cache.internal.DefaultFileLockManager] Releasing lock on Artifact transforms cache (C:\Users\mo700\AndroidStudioProjects\MoneyCycle\caches\transforms-3).
2023-03-29T13:58:17.589+0900 [DEBUG] [org.gradle.cache.internal.DefaultPersistentDirectoryStore] Artifact transforms cache (C:\Users\mo700\AndroidStudioProjects\MoneyCycle\caches\transforms-3) has last been fully cleaned up 33 hours ago
2023-03-29T13:58:17.589+0900 [INFO] [org.gradle.cache.internal.LeastRecentlyUsedCacheCleanup] Artifact transforms cache (C:\Users\mo700\AndroidStudioProjects\MoneyCycle\caches\transforms-3) removing files not accessed on or after Wed Mar 22 13:55:53 KST 2023.
2023-03-29T13:58:17.696+0900 [INFO] [org.gradle.cache.internal.AbstractCacheCleanup] Artifact transforms cache (C:\Users\mo700\AndroidStudioProjects\MoneyCycle\caches\transforms-3) cleanup deleted 0 files/directories.
2023-03-29T13:58:17.696+0900 [INFO] [org.gradle.cache.internal.DefaultPersistentDirectoryStore] Artifact transforms cache (C:\Users\mo700\AndroidStudioProjects\MoneyCycle\caches\transforms-3) cleaned up in 0.107 secs.
2023-03-29T13:58:17.696+0900 [DEBUG] [org.gradle.cache.internal.LockOnDemandCrossProcessCacheAccess] Releasing file lock for artifact cache (C:\Users\mo700\AndroidStudioProjects\MoneyCycle\caches\modules-2)
2023-03-29T13:58:17.696+0900 [DEBUG] [org.gradle.cache.internal.btree.BTreePersistentIndexedCache] Closing cache module-metadata.bin (C:\Users\mo700\AndroidStudioProjects\MoneyCycle\caches\modules-2\metadata-2.97\module-metadata.bin)
2023-03-29T13:58:17.697+0900 [DEBUG] [org.gradle.cache.internal.btree.BTreePersistentIndexedCache] Closing cache module-artifact.bin (C:\Users\mo700\AndroidStudioProjects\MoneyCycle\caches\modules-2\metadata-2.97\module-artifact.bin)
2023-03-29T13:58:17.697+0900 [DEBUG] [org.gradle.cache.internal.btree.BTreePersistentIndexedCache] Closing cache module-artifacts.bin (C:\Users\mo700\AndroidStudioProjects\MoneyCycle\caches\modules-2\metadata-2.97\module-artifacts.bin)
2023-03-29T13:58:17.697+0900 [DEBUG] [org.gradle.cache.internal.btree.BTreePersistentIndexedCache] Closing cache resource-at-url.bin (C:\Users\mo700\AndroidStudioProjects\MoneyCycle\caches\modules-2\metadata-2.97\resource-at-url.bin)
2023-03-29T13:58:17.697+0900 [DEBUG] [org.gradle.cache.internal.DefaultFileLockManager] Releasing lock on artifact cache (C:\Users\mo700\AndroidStudioProjects\MoneyCycle\caches\modules-2).
2023-03-29T13:58:17.698+0900 [DEBUG] [org.gradle.cache.internal.DefaultPersistentDirectoryStore] artifact cache (C:\Users\mo700\AndroidStudioProjects\MoneyCycle\caches\modules-2) has last been fully cleaned up 33 hours ago
2023-03-29T13:58:17.698+0900 [INFO] [org.gradle.cache.internal.AbstractCacheCleanup] artifact cache (C:\Users\mo700\AndroidStudioProjects\MoneyCycle\caches\modules-2) cleanup deleted 0 files/directories.
2023-03-29T13:58:17.699+0900 [INFO] [org.gradle.cache.internal.AbstractCacheCleanup] artifact cache (C:\Users\mo700\AndroidStudioProjects\MoneyCycle\caches\modules-2) [subdir: C:\Users\mo700\AndroidStudioProjects\MoneyCycle\caches\modules-2\resources-2.1] cleanup deleted 0 files/directories.
2023-03-29T13:58:17.699+0900 [INFO] [org.gradle.cache.internal.LeastRecentlyUsedCacheCleanup] artifact cache (C:\Users\mo700\AndroidStudioProjects\MoneyCycle\caches\modules-2) [subdir: C:\Users\mo700\AndroidStudioProjects\MoneyCycle\caches\modules-2\resources-2.1] removing files not accessed on or after Mon Feb 27 13:55:54 KST 2023.
2023-03-29T13:58:17.700+0900 [INFO] [org.gradle.cache.internal.AbstractCacheCleanup] artifact cache (C:\Users\mo700\AndroidStudioProjects\MoneyCycle\caches\modules-2) [subdir: C:\Users\mo700\AndroidStudioProjects\MoneyCycle\caches\modules-2\resources-2.1] cleanup deleted 0 files/directories.
2023-03-29T13:58:17.700+0900 [INFO] [org.gradle.cache.internal.AbstractCacheCleanup] artifact cache (C:\Users\mo700\AndroidStudioProjects\MoneyCycle\caches\modules-2) [subdir: C:\Users\mo700\AndroidStudioProjects\MoneyCycle\caches\modules-2\files-2.1] cleanup deleted 0 files/directories.
2023-03-29T13:58:17.700+0900 [INFO] [org.gradle.cache.internal.LeastRecentlyUsedCacheCleanup] artifact cache (C:\Users\mo700\AndroidStudioProjects\MoneyCycle\caches\modules-2) [subdir: C:\Users\mo700\AndroidStudioProjects\MoneyCycle\caches\modules-2\files-2.1] removing files not accessed on or after Mon Feb 27 13:55:54 KST 2023.
2023-03-29T13:58:17.814+0900 [INFO] [org.gradle.cache.internal.AbstractCacheCleanup] artifact cache (C:\Users\mo700\AndroidStudioProjects\MoneyCycle\caches\modules-2) [subdir: C:\Users\mo700\AndroidStudioProjects\MoneyCycle\caches\modules-2\files-2.1] cleanup deleted 0 files/directories.
2023-03-29T13:58:17.815+0900 [INFO] [org.gradle.cache.internal.AbstractCacheCleanup] artifact cache (C:\Users\mo700\AndroidStudioProjects\MoneyCycle\caches\modules-2) [subdir: C:\Users\mo700\AndroidStudioProjects\MoneyCycle\caches\modules-2\metadata-2.97] cleanup deleted 0 files/directories.
2023-03-29T13:58:17.815+0900 [INFO] [org.gradle.cache.internal.DefaultPersistentDirectoryStore] artifact cache (C:\Users\mo700\AndroidStudioProjects\MoneyCycle\caches\modules-2) cleaned up in 0.117 secs.
2023-03-29T13:58:17.816+0900 [DEBUG] [org.gradle.cache.internal.LockOnDemandCrossProcessCacheAccess] Releasing file lock for journal cache (C:\Users\mo700\AndroidStudioProjects\MoneyCycle\caches\journal-1)
2023-03-29T13:58:17.816+0900 [DEBUG] [org.gradle.cache.internal.btree.BTreePersistentIndexedCache] Closing cache file-access.bin (C:\Users\mo700\AndroidStudioProjects\MoneyCycle\caches\journal-1\file-access.bin)
2023-03-29T13:58:17.816+0900 [DEBUG] [org.gradle.cache.internal.DefaultFileLockManager] Releasing lock on journal cache (C:\Users\mo700\AndroidStudioProjects\MoneyCycle\caches\journal-1).
2023-03-29T13:58:17.816+0900 [DEBUG] [org.gradle.cache.internal.LockOnDemandCrossProcessCacheAccess] Releasing file lock for file hash cache (C:\Users\mo700\AndroidStudioProjects\MoneyCycle\caches\7.3.3\fileHashes)
2023-03-29T13:58:17.816+0900 [DEBUG] [org.gradle.cache.internal.btree.BTreePersistentIndexedCache] Closing cache fileHashes.bin (C:\Users\mo700\AndroidStudioProjects\MoneyCycle\caches\7.3.3\fileHashes\fileHashes.bin)
2023-03-29T13:58:17.817+0900 [DEBUG] [org.gradle.cache.internal.btree.BTreePersistentIndexedCache] Closing cache resourceHashesCache.bin (C:\Users\mo700\AndroidStudioProjects\MoneyCycle\caches\7.3.3\fileHashes\resourceHashesCache.bin)
2023-03-29T13:58:17.817+0900 [DEBUG] [org.gradle.cache.internal.DefaultFileLockManager] Releasing lock on file hash cache (C:\Users\mo700\AndroidStudioProjects\MoneyCycle\caches\7.3.3\fileHashes).
2023-03-29T13:58:17.817+0900 [DEBUG] [org.gradle.cache.internal.DefaultCacheAccess] Cache Generated Gradle JARs cache (C:\Users\mo700\AndroidStudioProjects\MoneyCycle\caches\7.3.3\generated-gradle-jars) was closed 0 times.
2023-03-29T13:58:17.817+0900 [DEBUG] [org.gradle.cache.internal.LockOnDemandCrossProcessCacheAccess] Releasing file lock for execution history cache (C:\Users\mo700\AndroidStudioProjects\MoneyCycle\caches\7.3.3\executionHistory)
2023-03-29T13:58:17.817+0900 [DEBUG] [org.gradle.cache.internal.btree.BTreePersistentIndexedCache] Closing cache executionHistory.bin (C:\Users\mo700\AndroidStudioProjects\MoneyCycle\caches\7.3.3\executionHistory\executionHistory.bin)
2023-03-29T13:58:17.817+0900 [DEBUG] [org.gradle.cache.internal.DefaultFileLockManager] Releasing lock on execution history cache (C:\Users\mo700\AndroidStudioProjects\MoneyCycle\caches\7.3.3\executionHistory).
2023-03-29T13:58:17.822+0900 [DEBUG] [org.gradle.cache.internal.VersionSpecificCacheCleanupAction] Processed version-specific caches at C:\Users\mo700\AndroidStudioProjects\MoneyCycle\caches for cleanup in 0.003 secs
Daemon vm is shutting down... The daemon has exited normally or was terminated in response to a user interrupt.
2023-03-29T13:58:17.827+0900 [DEBUG] [org.gradle.launcher.daemon.registry.PersistentDaemonRegistry] Removing daemon address: [46140a20-a715-4e69-b65f-d96a00c51ac1 port:30159, addresses:[localhost/127.0.0.1]]
2023-03-29T13:58:17.827+0900 [DEBUG] [org.gradle.cache.internal.DefaultFileLockManager] Waiting to acquire exclusive lock on daemon addresses registry.
2023-03-29T13:58:17.828+0900 [DEBUG] [org.gradle.cache.internal.DefaultFileLockManager] Lock acquired on daemon addresses registry.
2023-03-29T13:58:17.828+0900 [DEBUG] [org.gradle.cache.internal.DefaultFileLockManager] Releasing lock on daemon addresses registry.
